<?xml version="1.0" encoding="UTF-8"?>
<!-- Generated by org.testng.reporters.JUnitReportReporter -->
<testsuite hostname="BIT-Saugat" failures="0" tests="8" name="testCases.Login" time="27.287" errors="0" timestamp="2024-02-12T22:20:27 NPT" skipped="0">
  <testcase classname="testCases.Login" name="LoginTest" time="3.398"/>
  <system-out/>
  <testcase classname="testCases.Login" name="LoginTest" time="3.240"/>
  <system-out/>
  <testcase classname="testCases.Login" name="LoginTest" time="3.087"/>
  <system-out/>
  <testcase classname="testCases.Login" name="LoginTest" time="3.368"/>
  <system-out/>
  <testcase classname="testCases.Login" name="LoginTest" time="3.352"/>
  <system-out/>
  <testcase classname="testCases.Login" name="LoginTest" time="4.190"/>
  <system-out/>
  <testcase classname="testCases.Login" name="LoginTest" time="3.267"/>
  <system-out/>
  <testcase classname="testCases.Login" name="LoginTest" time="3.385"/>
  <system-out/>
</testsuite> <!-- testCases.Login -->
