<?xml version="1.0" encoding="UTF-8"?>
<!-- Generated by org.testng.reporters.JUnitReportReporter -->
<testsuite hostname="BIT-Saugat" failures="0" tests="1" name="testCases.SignInOptions" time="2.635" errors="0" timestamp="2024-02-12T11:00:58 NPT" skipped="0">
  <testcase classname="testCases.SignInOptions" name="SignInOptionsTest" time="2.635"/>
  <system-out/>
</testsuite> <!-- testCases.SignInOptions -->
